0 info it worked if it ends with ok
1 verbose cli [ '/home/raheed/.nvm/versions/node/v6.17.1/bin/node',
1 verbose cli   '/home/raheed/.nvm/versions/node/v6.17.1/bin/npm',
1 verbose cli   'run',
1 verbose cli   'start' ]
2 info using npm@3.10.10
3 info using node@v6.17.1
4 verbose run-script [ 'prestart', 'start', 'poststart' ]
5 info lifecycle react-chat@0.1.0~prestart: react-chat@0.1.0
6 silly lifecycle react-chat@0.1.0~prestart: no script for prestart, continuing
7 info lifecycle react-chat@0.1.0~start: react-chat@0.1.0
8 verbose lifecycle react-chat@0.1.0~start: unsafe-perm in lifecycle true
9 verbose lifecycle react-chat@0.1.0~start: PATH: /home/raheed/.nvm/versions/node/v6.17.1/lib/node_modules/npm/bin/node-gyp-bin:/home/raheed/CHATAPP/react-chat/node_modules/.bin:/home/raheed/.nvm/versions/node/v6.17.1/bin:/usr/local/sbin:/usr/sbin:/sbin:/usr/local/bin:/usr/bin:/bin:/usr/local/games:/usr/games:/snap/bin:/home/raheed/.dotnet/tools
10 verbose lifecycle react-chat@0.1.0~start: CWD: /home/raheed/CHATAPP/react-chat
11 silly lifecycle react-chat@0.1.0~start: Args: [ '-c', 'react-scripts start' ]
12 info lifecycle react-chat@0.1.0~start: Failed to exec start script
13 verbose stack Error: react-chat@0.1.0 start: `react-scripts start`
13 verbose stack spawn ENOENT
13 verbose stack     at ChildProcess.<anonymous> (/home/raheed/.nvm/versions/node/v6.17.1/lib/node_modules/npm/lib/utils/spawn.js:33:16)
13 verbose stack     at emitTwo (events.js:106:13)
13 verbose stack     at ChildProcess.emit (events.js:191:7)
13 verbose stack     at maybeClose (internal/child_process.js:920:16)
13 verbose stack     at Process.ChildProcess._handle.onexit (internal/child_process.js:230:5)
14 verbose pkgid react-chat@0.1.0
15 verbose cwd /home/raheed/CHATAPP/react-chat
16 error Linux 6.1.0-kali9-amd64
17 error argv "/home/raheed/.nvm/versions/node/v6.17.1/bin/node" "/home/raheed/.nvm/versions/node/v6.17.1/bin/npm" "run" "start"
18 error node v6.17.1
19 error npm  v3.10.10
20 error file sh
21 error code ELIFECYCLE
22 error errno ENOENT
23 error syscall spawn
24 error react-chat@0.1.0 start: `react-scripts start`
24 error spawn ENOENT
25 error Failed at the react-chat@0.1.0 start script 'react-scripts start'.
25 error Make sure you have the latest version of node.js and npm installed.
25 error If you do, this is most likely a problem with the react-chat package,
25 error not with npm itself.
25 error Tell the author that this fails on your system:
25 error     react-scripts start
25 error You can get information on how to open an issue for this project with:
25 error     npm bugs react-chat
25 error Or if that isn't available, you can get their info via:
25 error     npm owner ls react-chat
25 error There is likely additional logging output above.
26 verbose exit [ 1, true ]
